<?xml version="1.0" encoding="UTF-8"?>
<!-- Generated by org.testng.reporters.JUnitReportReporter -->
<testsuite hostname="DESKTOP-UQTV5DO" failures="0" tests="1" name="com.demo.test.LogoutTest" time="0.062" errors="0" timestamp="2025-06-07T08:31:30 EDT" skipped="0">
  <testcase classname="com.demo.test.LogoutTest" name="logout" time="0.062"/>
</testsuite> <!-- com.demo.test.LogoutTest -->
