<?xml version="1.0" encoding="UTF-8"?>
<!-- Generated by org.testng.reporters.JUnitReportReporter -->
<testsuite hostname="DESKTOP-UQTV5DO" failures="0" tests="2" name="com.test.Demoqa" time="7.015" errors="0" timestamp="2025-06-02T13:25:31 EDT" skipped="0">
  <testcase classname="com.test.Demoqa" name="login" time="4.592"/>
  <testcase classname="com.test.Demoqa" name="logout" time="2.423"/>
</testsuite> <!-- com.test.Demoqa -->
